{ "time": "2021-03-15 12:01:53.2482", "level": "INFO", "address": "https:\/\/localhost:5001" }
{ "time": "2021-03-15 12:01:53.2482", "level": "INFO", "address": "https:\/\/localhost:5001" }
{ "time": "2021-03-15 12:01:53.2880", "level": "INFO", "address": "http:\/\/localhost:5000" }
{ "time": "2021-03-15 12:01:53.2880", "level": "INFO", "address": "http:\/\/localhost:5000" }
{ "time": "2021-03-15 12:01:53.2976", "level": "INFO" }
{ "time": "2021-03-15 12:01:53.2976", "level": "INFO" }
{ "time": "2021-03-15 12:01:53.2976", "level": "INFO", "envName": "Development" }
{ "time": "2021-03-15 12:01:53.2976", "level": "INFO", "envName": "Development" }
{ "time": "2021-03-15 12:01:53.3156", "level": "INFO", "contentRoot": "C:\\repos\\Books\\Books" }
{ "time": "2021-03-15 12:01:53.3156", "level": "INFO", "contentRoot": "C:\\repos\\Books\\Books" }
{ "time": "2021-03-15 12:01:53.9367", "level": "INFO", "requestId": "0HM77J5E1JUTQ:00000001", "path": "\/" }
{ "time": "2021-03-15 12:01:53.9367", "level": "INFO", "requestId": "0HM77J5E1JUTQ:00000001", "method": "GET" }
{ "time": "2021-03-15 12:01:53.9367", "level": "INFO", "requestId": "0HM77J5E1JUTQ:00000001", "queryString": "" }
{ "time": "2021-03-15 12:01:53.9542", "level": "INFO", "requestId": "0HM77J5E1JUTQ:00000001", "body": "" }
{ "time": "2021-03-15 12:01:57.0685", "level": "ERROR", "requestId": "0HM77J5E1JUTQ:00000001", "errorMessage": "Attempted to divide by zero.", "stackTrace": "   at Books.Controllers.HomeController.Index() in C:\\repos\\Books\\Books\\Controllers\\HomeController.cs:line 13\r\n   at lambda_method(Closure , Object , Object[] )\r\n   at Microsoft.Extensions.Internal.ObjectMethodExecutor.Execute(Object target, Object[] parameters)\r\n   at Microsoft.AspNetCore.Mvc.Infrastructure.ActionMethodExecutor.SyncActionResultExecutor.Execute(IActionResultTypeMapper mapper, ObjectMethodExecutor executor, Object controller, Object[] arguments)\r\n   at Microsoft.AspNetCore.Mvc.Infrastructure.ControllerActionInvoker.InvokeActionMethodAsync()\r\n   at Microsoft.AspNetCore.Mvc.Infrastructure.ControllerActionInvoker.Next(State& next, Scope& scope, Object& state, Boolean& isCompleted)\r\n   at Microsoft.AspNetCore.Mvc.Infrastructure.ControllerActionInvoker.InvokeNextActionFilterAsync()\r\n--- End of stack trace from previous location where exception was thrown ---\r\n   at Microsoft.AspNetCore.Mvc.Infrastructure.ControllerActionInvoker.Rethrow(ActionExecutedContextSealed context)\r\n   at Microsoft.AspNetCore.Mvc.Infrastructure.ControllerActionInvoker.Next(State& next, Scope& scope, Object& state, Boolean& isCompleted)\r\n   at Microsoft.AspNetCore.Mvc.Infrastructure.ControllerActionInvoker.InvokeInnerFilterAsync()\r\n--- End of stack trace from previous location where exception was thrown ---\r\n   at Microsoft.AspNetCore.Mvc.Infrastructure.ResourceInvoker.<InvokeNextResourceFilter>g__Awaited|24_0(ResourceInvoker invoker, Task lastTask, State next, Scope scope, Object state, Boolean isCompleted)\r\n   at Microsoft.AspNetCore.Mvc.Infrastructure.ResourceInvoker.Rethrow(ResourceExecutedContextSealed context)\r\n   at Microsoft.AspNetCore.Mvc.Infrastructure.ResourceInvoker.Next(State& next, Scope& scope, Object& state, Boolean& isCompleted)\r\n   at Microsoft.AspNetCore.Mvc.Infrastructure.ResourceInvoker.InvokeFilterPipelineAsync()\r\n--- End of stack trace from previous location where exception was thrown ---\r\n   at Microsoft.AspNetCore.Mvc.Infrastructure.ResourceInvoker.<InvokeAsync>g__Awaited|17_0(ResourceInvoker invoker, Task task, IDisposable scope)\r\n   at Microsoft.AspNetCore.Routing.EndpointMiddleware.<Invoke>g__AwaitRequestTask|6_0(Endpoint endpoint, Task requestTask, ILogger logger)\r\n   at Books.Infrastructure.Middleware.LogRequestsMiddleware.Invoke(HttpContext context, IOptionsSnapshot`1 options, ExecutionContext executionContext) in C:\\repos\\Books\\Books\\Infrastructure\\Middleware\\LogRequestsMiddleware.cs:line 46\r\n   at Books.Infrastructure.Middleware.LogErrorsMiddleware.Invoke(HttpContext context, ExecutionContext executionContext) in C:\\repos\\Books\\Books\\Infrastructure\\Middleware\\LogErrorsMiddleware.cs:line 26", "executionContext": {"ApplicationName":"Books", "ThreadId":9, "MachineName":"DESKTOP-LTSGV3M", "EnvironmentName":"Development"} }
{ "time": "2021-03-15 12:01:57.1245", "level": "ERROR", "requestId": "0HM77J5E1JUTQ:00000001", "EventId_Id": 1, "EventId_Name": "UnhandledException", "EventId": "UnhandledException" }
{ "time": "2021-03-15 12:03:11.3200", "level": "INFO", "address": "https:\/\/localhost:5001" }
{ "time": "2021-03-15 12:03:11.3200", "level": "INFO", "address": "https:\/\/localhost:5001" }
{ "time": "2021-03-15 12:03:11.3706", "level": "INFO", "address": "http:\/\/localhost:5000" }
{ "time": "2021-03-15 12:03:11.3706", "level": "INFO", "address": "http:\/\/localhost:5000" }
{ "time": "2021-03-15 12:03:11.3905", "level": "INFO" }
{ "time": "2021-03-15 12:03:11.3905", "level": "INFO" }
{ "time": "2021-03-15 12:03:11.4038", "level": "INFO", "envName": "Development" }
{ "time": "2021-03-15 12:03:11.4038", "level": "INFO", "envName": "Development" }
{ "time": "2021-03-15 12:03:11.4038", "level": "INFO", "contentRoot": "C:\\repos\\Books\\Books" }
{ "time": "2021-03-15 12:03:11.4038", "level": "INFO", "contentRoot": "C:\\repos\\Books\\Books" }
{ "time": "2021-03-15 12:03:11.8229", "level": "INFO", "requestId": "0HM77J6592KLP:00000001", "path": "\/" }
{ "time": "2021-03-15 12:03:11.8311", "level": "INFO", "requestId": "0HM77J6592KLP:00000001", "method": "GET" }
{ "time": "2021-03-15 12:03:11.8311", "level": "INFO", "requestId": "0HM77J6592KLP:00000001", "queryString": "" }
{ "time": "2021-03-15 12:03:11.8444", "level": "INFO", "requestId": "0HM77J6592KLP:00000001", "body": "" }
{ "time": "2021-03-15 12:03:14.1213", "level": "ERROR", "requestId": "0HM77J6592KLP:00000001", "errorMessage": "Attempted to divide by zero.", "stackTrace": "   at Books.Controllers.HomeController.Index() in C:\\repos\\Books\\Books\\Controllers\\HomeController.cs:line 13\r\n   at lambda_method(Closure , Object , Object[] )\r\n   at Microsoft.Extensions.Internal.ObjectMethodExecutor.Execute(Object target, Object[] parameters)\r\n   at Microsoft.AspNetCore.Mvc.Infrastructure.ActionMethodExecutor.SyncActionResultExecutor.Execute(IActionResultTypeMapper mapper, ObjectMethodExecutor executor, Object controller, Object[] arguments)\r\n   at Microsoft.AspNetCore.Mvc.Infrastructure.ControllerActionInvoker.InvokeActionMethodAsync()\r\n   at Microsoft.AspNetCore.Mvc.Infrastructure.ControllerActionInvoker.Next(State& next, Scope& scope, Object& state, Boolean& isCompleted)\r\n   at Microsoft.AspNetCore.Mvc.Infrastructure.ControllerActionInvoker.InvokeNextActionFilterAsync()\r\n--- End of stack trace from previous location where exception was thrown ---\r\n   at Microsoft.AspNetCore.Mvc.Infrastructure.ControllerActionInvoker.Rethrow(ActionExecutedContextSealed context)\r\n   at Microsoft.AspNetCore.Mvc.Infrastructure.ControllerActionInvoker.Next(State& next, Scope& scope, Object& state, Boolean& isCompleted)\r\n   at Microsoft.AspNetCore.Mvc.Infrastructure.ControllerActionInvoker.InvokeInnerFilterAsync()\r\n--- End of stack trace from previous location where exception was thrown ---\r\n   at Microsoft.AspNetCore.Mvc.Infrastructure.ResourceInvoker.<InvokeNextResourceFilter>g__Awaited|24_0(ResourceInvoker invoker, Task lastTask, State next, Scope scope, Object state, Boolean isCompleted)\r\n   at Microsoft.AspNetCore.Mvc.Infrastructure.ResourceInvoker.Rethrow(ResourceExecutedContextSealed context)\r\n   at Microsoft.AspNetCore.Mvc.Infrastructure.ResourceInvoker.Next(State& next, Scope& scope, Object& state, Boolean& isCompleted)\r\n   at Microsoft.AspNetCore.Mvc.Infrastructure.ResourceInvoker.InvokeFilterPipelineAsync()\r\n--- End of stack trace from previous location where exception was thrown ---\r\n   at Microsoft.AspNetCore.Mvc.Infrastructure.ResourceInvoker.<InvokeAsync>g__Awaited|17_0(ResourceInvoker invoker, Task task, IDisposable scope)\r\n   at Microsoft.AspNetCore.Routing.EndpointMiddleware.<Invoke>g__AwaitRequestTask|6_0(Endpoint endpoint, Task requestTask, ILogger logger)\r\n   at Books.Infrastructure.Middleware.LogRequestsMiddleware.Invoke(HttpContext context, IOptionsSnapshot`1 options, ExecutionContext executionContext) in C:\\repos\\Books\\Books\\Infrastructure\\Middleware\\LogRequestsMiddleware.cs:line 46\r\n   at Books.Infrastructure.Middleware.LogErrorsMiddleware.Invoke(HttpContext context, ExecutionContext executionContext) in C:\\repos\\Books\\Books\\Infrastructure\\Middleware\\LogErrorsMiddleware.cs:line 26", "executionContext": {"ApplicationName":"Books", "ThreadId":4, "MachineName":"DESKTOP-LTSGV3M", "EnvironmentName":"Development"} }
{ "time": "2021-03-15 12:03:14.1712", "level": "ERROR", "requestId": "0HM77J6592KLP:00000001", "EventId_Id": 1, "EventId_Name": "UnhandledException", "EventId": "UnhandledException" }
{ "time": "2021-03-15 12:03:43.4866", "level": "INFO", "address": "https:\/\/localhost:5001" }
{ "time": "2021-03-15 12:03:43.4866", "level": "INFO", "address": "https:\/\/localhost:5001" }
{ "time": "2021-03-15 12:03:43.5285", "level": "INFO", "address": "http:\/\/localhost:5000" }
{ "time": "2021-03-15 12:03:43.5285", "level": "INFO", "address": "http:\/\/localhost:5000" }
{ "time": "2021-03-15 12:03:43.5424", "level": "INFO" }
{ "time": "2021-03-15 12:03:43.5424", "level": "INFO" }
{ "time": "2021-03-15 12:03:43.5551", "level": "INFO", "envName": "Development" }
{ "time": "2021-03-15 12:03:43.5551", "level": "INFO", "envName": "Development" }
{ "time": "2021-03-15 12:03:43.5681", "level": "INFO", "contentRoot": "C:\\repos\\Books\\Books" }
{ "time": "2021-03-15 12:03:43.5681", "level": "INFO", "contentRoot": "C:\\repos\\Books\\Books" }
{ "time": "2021-03-15 12:03:43.9962", "level": "INFO", "requestId": "0HM77J6ESBFFN:00000001", "path": "\/" }
{ "time": "2021-03-15 12:03:44.0051", "level": "INFO", "requestId": "0HM77J6ESBFFN:00000001", "method": "GET" }
{ "time": "2021-03-15 12:03:44.0051", "level": "INFO", "requestId": "0HM77J6ESBFFN:00000001", "queryString": "" }
{ "time": "2021-03-15 12:03:44.0183", "level": "INFO", "requestId": "0HM77J6ESBFFN:00000001", "body": "" }
{ "time": "2021-03-15 12:03:46.0306", "level": "ERROR", "requestId": "0HM77J6ESBFFN:00000001", "errorMessage": "Attempted to divide by zero.", "stackTrace": "   at Books.Controllers.HomeController.Index() in C:\\repos\\Books\\Books\\Controllers\\HomeController.cs:line 13\r\n   at lambda_method(Closure , Object , Object[] )\r\n   at Microsoft.Extensions.Internal.ObjectMethodExecutor.Execute(Object target, Object[] parameters)\r\n   at Microsoft.AspNetCore.Mvc.Infrastructure.ActionMethodExecutor.SyncActionResultExecutor.Execute(IActionResultTypeMapper mapper, ObjectMethodExecutor executor, Object controller, Object[] arguments)\r\n   at Microsoft.AspNetCore.Mvc.Infrastructure.ControllerActionInvoker.InvokeActionMethodAsync()\r\n   at Microsoft.AspNetCore.Mvc.Infrastructure.ControllerActionInvoker.Next(State& next, Scope& scope, Object& state, Boolean& isCompleted)\r\n   at Microsoft.AspNetCore.Mvc.Infrastructure.ControllerActionInvoker.InvokeNextActionFilterAsync()\r\n--- End of stack trace from previous location where exception was thrown ---\r\n   at Microsoft.AspNetCore.Mvc.Infrastructure.ControllerActionInvoker.Rethrow(ActionExecutedContextSealed context)\r\n   at Microsoft.AspNetCore.Mvc.Infrastructure.ControllerActionInvoker.Next(State& next, Scope& scope, Object& state, Boolean& isCompleted)\r\n   at Microsoft.AspNetCore.Mvc.Infrastructure.ControllerActionInvoker.InvokeInnerFilterAsync()\r\n--- End of stack trace from previous location where exception was thrown ---\r\n   at Microsoft.AspNetCore.Mvc.Infrastructure.ResourceInvoker.<InvokeNextResourceFilter>g__Awaited|24_0(ResourceInvoker invoker, Task lastTask, State next, Scope scope, Object state, Boolean isCompleted)\r\n   at Microsoft.AspNetCore.Mvc.Infrastructure.ResourceInvoker.Rethrow(ResourceExecutedContextSealed context)\r\n   at Microsoft.AspNetCore.Mvc.Infrastructure.ResourceInvoker.Next(State& next, Scope& scope, Object& state, Boolean& isCompleted)\r\n   at Microsoft.AspNetCore.Mvc.Infrastructure.ResourceInvoker.InvokeFilterPipelineAsync()\r\n--- End of stack trace from previous location where exception was thrown ---\r\n   at Microsoft.AspNetCore.Mvc.Infrastructure.ResourceInvoker.<InvokeAsync>g__Awaited|17_0(ResourceInvoker invoker, Task task, IDisposable scope)\r\n   at Microsoft.AspNetCore.Routing.EndpointMiddleware.<Invoke>g__AwaitRequestTask|6_0(Endpoint endpoint, Task requestTask, ILogger logger)\r\n   at Books.Infrastructure.Middleware.LogRequestsMiddleware.Invoke(HttpContext context, IOptionsSnapshot`1 options, ExecutionContext executionContext) in C:\\repos\\Books\\Books\\Infrastructure\\Middleware\\LogRequestsMiddleware.cs:line 46\r\n   at Books.Infrastructure.Middleware.LogErrorsMiddleware.Invoke(HttpContext context, ExecutionContext executionContext) in C:\\repos\\Books\\Books\\Infrastructure\\Middleware\\LogErrorsMiddleware.cs:line 26", "executionContext": {"ApplicationName":"Books", "ThreadId":4, "MachineName":"DESKTOP-LTSGV3M", "EnvironmentName":"Development"} }
{ "time": "2021-03-15 12:03:46.0816", "level": "ERROR", "requestId": "0HM77J6ESBFFN:00000001", "EventId_Id": 1, "EventId_Name": "UnhandledException", "EventId": "UnhandledException" }
{ "time": "2021-03-15 12:05:13.4156", "level": "INFO", "address": "https:\/\/localhost:5001" }
{ "time": "2021-03-15 12:05:13.4156", "level": "INFO", "address": "https:\/\/localhost:5001" }
{ "time": "2021-03-15 12:05:13.4611", "level": "INFO", "address": "http:\/\/localhost:5000" }
{ "time": "2021-03-15 12:05:13.4611", "level": "INFO", "address": "http:\/\/localhost:5000" }
{ "time": "2021-03-15 12:05:13.4746", "level": "INFO" }
{ "time": "2021-03-15 12:05:13.4746", "level": "INFO" }
{ "time": "2021-03-15 12:05:13.4876", "level": "INFO", "envName": "Development" }
{ "time": "2021-03-15 12:05:13.4876", "level": "INFO", "envName": "Development" }
{ "time": "2021-03-15 12:05:13.5008", "level": "INFO", "contentRoot": "C:\\repos\\Books\\Books" }
{ "time": "2021-03-15 12:05:13.5008", "level": "INFO", "contentRoot": "C:\\repos\\Books\\Books" }
{ "time": "2021-03-15 12:05:13.9585", "level": "INFO", "requestCode": "0HM77J79M6LLP:00000001", "path": "\/" }
{ "time": "2021-03-15 12:05:13.9675", "level": "INFO", "requestCode": "0HM77J79M6LLP:00000001", "method": "GET" }
{ "time": "2021-03-15 12:05:13.9675", "level": "INFO", "requestCode": "0HM77J79M6LLP:00000001", "queryString": "" }
{ "time": "2021-03-15 12:05:13.9675", "level": "INFO", "requestCode": "0HM77J79M6LLP:00000001", "body": "" }
{ "time": "2021-03-15 12:05:15.8335", "level": "ERROR", "errorMessage": "Attempted to divide by zero.", "stackTrace": "   at Books.Controllers.HomeController.Index() in C:\\repos\\Books\\Books\\Controllers\\HomeController.cs:line 13\r\n   at lambda_method(Closure , Object , Object[] )\r\n   at Microsoft.Extensions.Internal.ObjectMethodExecutor.Execute(Object target, Object[] parameters)\r\n   at Microsoft.AspNetCore.Mvc.Infrastructure.ActionMethodExecutor.SyncActionResultExecutor.Execute(IActionResultTypeMapper mapper, ObjectMethodExecutor executor, Object controller, Object[] arguments)\r\n   at Microsoft.AspNetCore.Mvc.Infrastructure.ControllerActionInvoker.InvokeActionMethodAsync()\r\n   at Microsoft.AspNetCore.Mvc.Infrastructure.ControllerActionInvoker.Next(State& next, Scope& scope, Object& state, Boolean& isCompleted)\r\n   at Microsoft.AspNetCore.Mvc.Infrastructure.ControllerActionInvoker.InvokeNextActionFilterAsync()\r\n--- End of stack trace from previous location where exception was thrown ---\r\n   at Microsoft.AspNetCore.Mvc.Infrastructure.ControllerActionInvoker.Rethrow(ActionExecutedContextSealed context)\r\n   at Microsoft.AspNetCore.Mvc.Infrastructure.ControllerActionInvoker.Next(State& next, Scope& scope, Object& state, Boolean& isCompleted)\r\n   at Microsoft.AspNetCore.Mvc.Infrastructure.ControllerActionInvoker.InvokeInnerFilterAsync()\r\n--- End of stack trace from previous location where exception was thrown ---\r\n   at Microsoft.AspNetCore.Mvc.Infrastructure.ResourceInvoker.<InvokeNextResourceFilter>g__Awaited|24_0(ResourceInvoker invoker, Task lastTask, State next, Scope scope, Object state, Boolean isCompleted)\r\n   at Microsoft.AspNetCore.Mvc.Infrastructure.ResourceInvoker.Rethrow(ResourceExecutedContextSealed context)\r\n   at Microsoft.AspNetCore.Mvc.Infrastructure.ResourceInvoker.Next(State& next, Scope& scope, Object& state, Boolean& isCompleted)\r\n   at Microsoft.AspNetCore.Mvc.Infrastructure.ResourceInvoker.InvokeFilterPipelineAsync()\r\n--- End of stack trace from previous location where exception was thrown ---\r\n   at Microsoft.AspNetCore.Mvc.Infrastructure.ResourceInvoker.<InvokeAsync>g__Awaited|17_0(ResourceInvoker invoker, Task task, IDisposable scope)\r\n   at Microsoft.AspNetCore.Routing.EndpointMiddleware.<Invoke>g__AwaitRequestTask|6_0(Endpoint endpoint, Task requestTask, ILogger logger)\r\n   at Books.Infrastructure.Middleware.LogRequestsMiddleware.Invoke(HttpContext context, IOptionsSnapshot`1 options, ExecutionContext executionContext) in C:\\repos\\Books\\Books\\Infrastructure\\Middleware\\LogRequestsMiddleware.cs:line 46\r\n   at Books.Infrastructure.Middleware.LogErrorsMiddleware.Invoke(HttpContext context, ExecutionContext executionContext) in C:\\repos\\Books\\Books\\Infrastructure\\Middleware\\LogErrorsMiddleware.cs:line 26", "executionContext": {"ApplicationName":"Books", "ThreadId":7, "MachineName":"DESKTOP-LTSGV3M", "EnvironmentName":"Development"} }
{ "time": "2021-03-15 12:05:15.8855", "level": "ERROR", "EventId_Id": 1, "EventId_Name": "UnhandledException", "EventId": "UnhandledException" }
{ "time": "2021-03-15 12:06:06.7004", "level": "INFO", "address": "https:\/\/localhost:5001" }
{ "time": "2021-03-15 12:06:06.7004", "level": "INFO", "address": "https:\/\/localhost:5001" }
{ "time": "2021-03-15 12:06:06.7482", "level": "INFO", "address": "http:\/\/localhost:5000" }
{ "time": "2021-03-15 12:06:06.7482", "level": "INFO", "address": "http:\/\/localhost:5000" }
{ "time": "2021-03-15 12:06:06.7629", "level": "INFO" }
{ "time": "2021-03-15 12:06:06.7629", "level": "INFO" }
{ "time": "2021-03-15 12:06:06.7629", "level": "INFO", "envName": "Development" }
{ "time": "2021-03-15 12:06:06.7629", "level": "INFO", "envName": "Development" }
{ "time": "2021-03-15 12:06:06.7892", "level": "INFO", "contentRoot": "C:\\repos\\Books\\Books" }
{ "time": "2021-03-15 12:06:06.7892", "level": "INFO", "contentRoot": "C:\\repos\\Books\\Books" }
{ "time": "2021-03-15 12:06:07.3139", "level": "INFO", "requestCode": "0HM77J7PJ28JR:00000001", "executionContext": "Test", "path": "\/" }
{ "time": "2021-03-15 12:06:07.3139", "level": "INFO", "requestCode": "0HM77J7PJ28JR:00000001", "executionContext": "Test", "method": "GET" }
{ "time": "2021-03-15 12:06:07.3304", "level": "INFO", "requestCode": "0HM77J7PJ28JR:00000001", "executionContext": "Test", "queryString": "" }
{ "time": "2021-03-15 12:06:07.3304", "level": "INFO", "requestCode": "0HM77J7PJ28JR:00000001", "executionContext": "Test", "body": "" }
{ "time": "2021-03-15 12:06:09.4676", "level": "ERROR", "errorMessage": "Attempted to divide by zero.", "stackTrace": "   at Books.Controllers.HomeController.Index() in C:\\repos\\Books\\Books\\Controllers\\HomeController.cs:line 13\r\n   at lambda_method(Closure , Object , Object[] )\r\n   at Microsoft.Extensions.Internal.ObjectMethodExecutor.Execute(Object target, Object[] parameters)\r\n   at Microsoft.AspNetCore.Mvc.Infrastructure.ActionMethodExecutor.SyncActionResultExecutor.Execute(IActionResultTypeMapper mapper, ObjectMethodExecutor executor, Object controller, Object[] arguments)\r\n   at Microsoft.AspNetCore.Mvc.Infrastructure.ControllerActionInvoker.InvokeActionMethodAsync()\r\n   at Microsoft.AspNetCore.Mvc.Infrastructure.ControllerActionInvoker.Next(State& next, Scope& scope, Object& state, Boolean& isCompleted)\r\n   at Microsoft.AspNetCore.Mvc.Infrastructure.ControllerActionInvoker.InvokeNextActionFilterAsync()\r\n--- End of stack trace from previous location where exception was thrown ---\r\n   at Microsoft.AspNetCore.Mvc.Infrastructure.ControllerActionInvoker.Rethrow(ActionExecutedContextSealed context)\r\n   at Microsoft.AspNetCore.Mvc.Infrastructure.ControllerActionInvoker.Next(State& next, Scope& scope, Object& state, Boolean& isCompleted)\r\n   at Microsoft.AspNetCore.Mvc.Infrastructure.ControllerActionInvoker.InvokeInnerFilterAsync()\r\n--- End of stack trace from previous location where exception was thrown ---\r\n   at Microsoft.AspNetCore.Mvc.Infrastructure.ResourceInvoker.<InvokeNextResourceFilter>g__Awaited|24_0(ResourceInvoker invoker, Task lastTask, State next, Scope scope, Object state, Boolean isCompleted)\r\n   at Microsoft.AspNetCore.Mvc.Infrastructure.ResourceInvoker.Rethrow(ResourceExecutedContextSealed context)\r\n   at Microsoft.AspNetCore.Mvc.Infrastructure.ResourceInvoker.Next(State& next, Scope& scope, Object& state, Boolean& isCompleted)\r\n   at Microsoft.AspNetCore.Mvc.Infrastructure.ResourceInvoker.InvokeFilterPipelineAsync()\r\n--- End of stack trace from previous location where exception was thrown ---\r\n   at Microsoft.AspNetCore.Mvc.Infrastructure.ResourceInvoker.<InvokeAsync>g__Awaited|17_0(ResourceInvoker invoker, Task task, IDisposable scope)\r\n   at Microsoft.AspNetCore.Routing.EndpointMiddleware.<Invoke>g__AwaitRequestTask|6_0(Endpoint endpoint, Task requestTask, ILogger logger)\r\n   at Books.Infrastructure.Middleware.LogRequestsMiddleware.Invoke(HttpContext context, IOptionsSnapshot`1 options, ExecutionContext executionContext) in C:\\repos\\Books\\Books\\Infrastructure\\Middleware\\LogRequestsMiddleware.cs:line 46\r\n   at Books.Infrastructure.Middleware.LogErrorsMiddleware.Invoke(HttpContext context, ExecutionContext executionContext) in C:\\repos\\Books\\Books\\Infrastructure\\Middleware\\LogErrorsMiddleware.cs:line 26", "executionContext": {"ApplicationName":"Books", "ThreadId":7, "MachineName":"DESKTOP-LTSGV3M", "EnvironmentName":"Development"} }
{ "time": "2021-03-15 12:06:09.5194", "level": "ERROR", "EventId_Id": 1, "EventId_Name": "UnhandledException", "EventId": "UnhandledException" }
{ "time": "2021-03-15 12:06:41.5395", "level": "INFO", "address": "https:\/\/localhost:5001" }
{ "time": "2021-03-15 12:06:41.5395", "level": "INFO", "address": "https:\/\/localhost:5001" }
{ "time": "2021-03-15 12:06:41.5971", "level": "INFO", "address": "http:\/\/localhost:5000" }
{ "time": "2021-03-15 12:06:41.5971", "level": "INFO", "address": "http:\/\/localhost:5000" }
{ "time": "2021-03-15 12:06:41.6169", "level": "INFO" }
{ "time": "2021-03-15 12:06:41.6169", "level": "INFO" }
{ "time": "2021-03-15 12:06:41.6373", "level": "INFO", "envName": "Development" }
{ "time": "2021-03-15 12:06:41.6373", "level": "INFO", "envName": "Development" }
{ "time": "2021-03-15 12:06:41.6520", "level": "INFO", "contentRoot": "C:\\repos\\Books\\Books" }
{ "time": "2021-03-15 12:06:41.6520", "level": "INFO", "contentRoot": "C:\\repos\\Books\\Books" }
{ "time": "2021-03-15 12:06:41.9911", "level": "INFO", "requestCode": "0HM77J83TR1Q3:00000001", "executionContext": "Books.Infrastructure.Middleware.ExecutionContext", "path": "\/" }
{ "time": "2021-03-15 12:06:42.0009", "level": "INFO", "requestCode": "0HM77J83TR1Q3:00000001", "executionContext": "Books.Infrastructure.Middleware.ExecutionContext", "method": "GET" }
{ "time": "2021-03-15 12:06:42.0009", "level": "INFO", "requestCode": "0HM77J83TR1Q3:00000001", "executionContext": "Books.Infrastructure.Middleware.ExecutionContext", "queryString": "" }
{ "time": "2021-03-15 12:06:42.0145", "level": "INFO", "requestCode": "0HM77J83TR1Q3:00000001", "executionContext": "Books.Infrastructure.Middleware.ExecutionContext", "body": "" }
{ "time": "2021-03-15 12:06:43.8826", "level": "ERROR", "errorMessage": "Attempted to divide by zero.", "stackTrace": "   at Books.Controllers.HomeController.Index() in C:\\repos\\Books\\Books\\Controllers\\HomeController.cs:line 13\r\n   at lambda_method(Closure , Object , Object[] )\r\n   at Microsoft.Extensions.Internal.ObjectMethodExecutor.Execute(Object target, Object[] parameters)\r\n   at Microsoft.AspNetCore.Mvc.Infrastructure.ActionMethodExecutor.SyncActionResultExecutor.Execute(IActionResultTypeMapper mapper, ObjectMethodExecutor executor, Object controller, Object[] arguments)\r\n   at Microsoft.AspNetCore.Mvc.Infrastructure.ControllerActionInvoker.InvokeActionMethodAsync()\r\n   at Microsoft.AspNetCore.Mvc.Infrastructure.ControllerActionInvoker.Next(State& next, Scope& scope, Object& state, Boolean& isCompleted)\r\n   at Microsoft.AspNetCore.Mvc.Infrastructure.ControllerActionInvoker.InvokeNextActionFilterAsync()\r\n--- End of stack trace from previous location where exception was thrown ---\r\n   at Microsoft.AspNetCore.Mvc.Infrastructure.ControllerActionInvoker.Rethrow(ActionExecutedContextSealed context)\r\n   at Microsoft.AspNetCore.Mvc.Infrastructure.ControllerActionInvoker.Next(State& next, Scope& scope, Object& state, Boolean& isCompleted)\r\n   at Microsoft.AspNetCore.Mvc.Infrastructure.ControllerActionInvoker.InvokeInnerFilterAsync()\r\n--- End of stack trace from previous location where exception was thrown ---\r\n   at Microsoft.AspNetCore.Mvc.Infrastructure.ResourceInvoker.<InvokeNextResourceFilter>g__Awaited|24_0(ResourceInvoker invoker, Task lastTask, State next, Scope scope, Object state, Boolean isCompleted)\r\n   at Microsoft.AspNetCore.Mvc.Infrastructure.ResourceInvoker.Rethrow(ResourceExecutedContextSealed context)\r\n   at Microsoft.AspNetCore.Mvc.Infrastructure.ResourceInvoker.Next(State& next, Scope& scope, Object& state, Boolean& isCompleted)\r\n   at Microsoft.AspNetCore.Mvc.Infrastructure.ResourceInvoker.InvokeFilterPipelineAsync()\r\n--- End of stack trace from previous location where exception was thrown ---\r\n   at Microsoft.AspNetCore.Mvc.Infrastructure.ResourceInvoker.<InvokeAsync>g__Awaited|17_0(ResourceInvoker invoker, Task task, IDisposable scope)\r\n   at Microsoft.AspNetCore.Routing.EndpointMiddleware.<Invoke>g__AwaitRequestTask|6_0(Endpoint endpoint, Task requestTask, ILogger logger)\r\n   at Books.Infrastructure.Middleware.LogRequestsMiddleware.Invoke(HttpContext context, IOptionsSnapshot`1 options, ExecutionContext executionContext) in C:\\repos\\Books\\Books\\Infrastructure\\Middleware\\LogRequestsMiddleware.cs:line 46\r\n   at Books.Infrastructure.Middleware.LogErrorsMiddleware.Invoke(HttpContext context, ExecutionContext executionContext) in C:\\repos\\Books\\Books\\Infrastructure\\Middleware\\LogErrorsMiddleware.cs:line 26", "executionContext": {"ApplicationName":"Books", "ThreadId":9, "MachineName":"DESKTOP-LTSGV3M", "EnvironmentName":"Development"} }
{ "time": "2021-03-15 12:06:43.9341", "level": "ERROR", "EventId_Id": 1, "EventId_Name": "UnhandledException", "EventId": "UnhandledException" }
{ "time": "2021-03-15 12:09:22.0585", "level": "INFO", "address": "https:\/\/localhost:5001" }
{ "time": "2021-03-15 12:09:22.0585", "level": "INFO", "address": "https:\/\/localhost:5001" }
{ "time": "2021-03-15 12:09:22.1006", "level": "INFO", "address": "http:\/\/localhost:5000" }
{ "time": "2021-03-15 12:09:22.1006", "level": "INFO", "address": "http:\/\/localhost:5000" }
{ "time": "2021-03-15 12:09:22.1144", "level": "INFO" }
{ "time": "2021-03-15 12:09:22.1144", "level": "INFO" }
{ "time": "2021-03-15 12:09:22.1273", "level": "INFO", "envName": "Development" }
{ "time": "2021-03-15 12:09:22.1273", "level": "INFO", "envName": "Development" }
{ "time": "2021-03-15 12:09:22.1400", "level": "INFO", "contentRoot": "C:\\repos\\Books\\Books" }
{ "time": "2021-03-15 12:09:22.1400", "level": "INFO", "contentRoot": "C:\\repos\\Books\\Books" }
{ "time": "2021-03-15 12:09:22.9630", "level": "INFO", "requestCode": "0HM77J9JT2UVC:00000001", "path": "\/" }
{ "time": "2021-03-15 12:09:22.9713", "level": "INFO", "requestCode": "0HM77J9JT2UVC:00000001", "method": "GET" }
{ "time": "2021-03-15 12:09:22.9713", "level": "INFO", "requestCode": "0HM77J9JT2UVC:00000001", "queryString": "" }
{ "time": "2021-03-15 12:09:22.9860", "level": "INFO", "requestCode": "0HM77J9JT2UVC:00000001", "body": "" }
{ "time": "2021-03-15 12:09:25.6670", "level": "ERROR", "errorMessage": "Attempted to divide by zero.", "stackTrace": "   at Books.Controllers.HomeController.Index() in C:\\repos\\Books\\Books\\Controllers\\HomeController.cs:line 13\r\n   at lambda_method(Closure , Object , Object[] )\r\n   at Microsoft.Extensions.Internal.ObjectMethodExecutor.Execute(Object target, Object[] parameters)\r\n   at Microsoft.AspNetCore.Mvc.Infrastructure.ActionMethodExecutor.SyncActionResultExecutor.Execute(IActionResultTypeMapper mapper, ObjectMethodExecutor executor, Object controller, Object[] arguments)\r\n   at Microsoft.AspNetCore.Mvc.Infrastructure.ControllerActionInvoker.InvokeActionMethodAsync()\r\n   at Microsoft.AspNetCore.Mvc.Infrastructure.ControllerActionInvoker.Next(State& next, Scope& scope, Object& state, Boolean& isCompleted)\r\n   at Microsoft.AspNetCore.Mvc.Infrastructure.ControllerActionInvoker.InvokeNextActionFilterAsync()\r\n--- End of stack trace from previous location where exception was thrown ---\r\n   at Microsoft.AspNetCore.Mvc.Infrastructure.ControllerActionInvoker.Rethrow(ActionExecutedContextSealed context)\r\n   at Microsoft.AspNetCore.Mvc.Infrastructure.ControllerActionInvoker.Next(State& next, Scope& scope, Object& state, Boolean& isCompleted)\r\n   at Microsoft.AspNetCore.Mvc.Infrastructure.ControllerActionInvoker.InvokeInnerFilterAsync()\r\n--- End of stack trace from previous location where exception was thrown ---\r\n   at Microsoft.AspNetCore.Mvc.Infrastructure.ResourceInvoker.<InvokeNextResourceFilter>g__Awaited|24_0(ResourceInvoker invoker, Task lastTask, State next, Scope scope, Object state, Boolean isCompleted)\r\n   at Microsoft.AspNetCore.Mvc.Infrastructure.ResourceInvoker.Rethrow(ResourceExecutedContextSealed context)\r\n   at Microsoft.AspNetCore.Mvc.Infrastructure.ResourceInvoker.Next(State& next, Scope& scope, Object& state, Boolean& isCompleted)\r\n   at Microsoft.AspNetCore.Mvc.Infrastructure.ResourceInvoker.InvokeFilterPipelineAsync()\r\n--- End of stack trace from previous location where exception was thrown ---\r\n   at Microsoft.AspNetCore.Mvc.Infrastructure.ResourceInvoker.<InvokeAsync>g__Awaited|17_0(ResourceInvoker invoker, Task task, IDisposable scope)\r\n   at Microsoft.AspNetCore.Routing.EndpointMiddleware.<Invoke>g__AwaitRequestTask|6_0(Endpoint endpoint, Task requestTask, ILogger logger)\r\n   at Books.Infrastructure.Middleware.LogRequestsMiddleware.Invoke(HttpContext context, IOptionsSnapshot`1 options, ExecutionContext executionContext) in C:\\repos\\Books\\Books\\Infrastructure\\Middleware\\LogRequestsMiddleware.cs:line 46\r\n   at Books.Infrastructure.Middleware.LogErrorsMiddleware.Invoke(HttpContext context, ExecutionContext executionContext) in C:\\repos\\Books\\Books\\Infrastructure\\Middleware\\LogErrorsMiddleware.cs:line 26", "executionContext": {"ApplicationName":"Books", "ThreadId":4, "MachineName":"DESKTOP-LTSGV3M", "EnvironmentName":"Development"} }
{ "time": "2021-03-15 12:09:25.7203", "level": "ERROR", "EventId_Id": 1, "EventId_Name": "UnhandledException", "EventId": "UnhandledException" }
{ "time": "2021-03-15 12:13:39.6674", "level": "INFO", "address": "https:\/\/localhost:5001" }
{ "time": "2021-03-15 12:13:39.6674", "level": "INFO", "address": "https:\/\/localhost:5001" }
{ "time": "2021-03-15 12:13:39.7151", "level": "INFO", "address": "http:\/\/localhost:5000" }
{ "time": "2021-03-15 12:13:39.7151", "level": "INFO", "address": "http:\/\/localhost:5000" }
{ "time": "2021-03-15 12:13:39.7310", "level": "INFO" }
{ "time": "2021-03-15 12:13:39.7310", "level": "INFO" }
{ "time": "2021-03-15 12:13:39.7453", "level": "INFO", "envName": "Development" }
{ "time": "2021-03-15 12:13:39.7453", "level": "INFO", "envName": "Development" }
{ "time": "2021-03-15 12:13:39.7600", "level": "INFO", "contentRoot": "C:\\repos\\Books\\Books" }
{ "time": "2021-03-15 12:13:39.7600", "level": "INFO", "contentRoot": "C:\\repos\\Books\\Books" }
{ "time": "2021-03-15 12:13:40.0941", "level": "INFO", "requestCode": "0HM77JC0H3R5D:00000001", "path": "\/", "executionContext": {"ApplicationName":"Books", "ThreadId":4, "MachineName":"DESKTOP-LTSGV3M", "EnvironmentName":"Development"} }
{ "time": "2021-03-15 12:13:40.1237", "level": "INFO", "requestCode": "0HM77JC0H3R5D:00000001", "method": "GET", "executionContext": {"ApplicationName":"Books", "ThreadId":4, "MachineName":"DESKTOP-LTSGV3M", "EnvironmentName":"Development"} }
{ "time": "2021-03-15 12:13:40.1237", "level": "INFO", "requestCode": "0HM77JC0H3R5D:00000001", "queryString": "", "executionContext": {"ApplicationName":"Books", "ThreadId":4, "MachineName":"DESKTOP-LTSGV3M", "EnvironmentName":"Development"} }
{ "time": "2021-03-15 12:13:40.1237", "level": "INFO", "requestCode": "0HM77JC0H3R5D:00000001", "body": "", "executionContext": {"ApplicationName":"Books", "ThreadId":4, "MachineName":"DESKTOP-LTSGV3M", "EnvironmentName":"Development"} }
{ "time": "2021-03-15 12:13:42.0819", "level": "ERROR", "errorMessage": "Attempted to divide by zero.", "stackTrace": "   at Books.Controllers.HomeController.Index() in C:\\repos\\Books\\Books\\Controllers\\HomeController.cs:line 13\r\n   at lambda_method(Closure , Object , Object[] )\r\n   at Microsoft.Extensions.Internal.ObjectMethodExecutor.Execute(Object target, Object[] parameters)\r\n   at Microsoft.AspNetCore.Mvc.Infrastructure.ActionMethodExecutor.SyncActionResultExecutor.Execute(IActionResultTypeMapper mapper, ObjectMethodExecutor executor, Object controller, Object[] arguments)\r\n   at Microsoft.AspNetCore.Mvc.Infrastructure.ControllerActionInvoker.InvokeActionMethodAsync()\r\n   at Microsoft.AspNetCore.Mvc.Infrastructure.ControllerActionInvoker.Next(State& next, Scope& scope, Object& state, Boolean& isCompleted)\r\n   at Microsoft.AspNetCore.Mvc.Infrastructure.ControllerActionInvoker.InvokeNextActionFilterAsync()\r\n--- End of stack trace from previous location where exception was thrown ---\r\n   at Microsoft.AspNetCore.Mvc.Infrastructure.ControllerActionInvoker.Rethrow(ActionExecutedContextSealed context)\r\n   at Microsoft.AspNetCore.Mvc.Infrastructure.ControllerActionInvoker.Next(State& next, Scope& scope, Object& state, Boolean& isCompleted)\r\n   at Microsoft.AspNetCore.Mvc.Infrastructure.ControllerActionInvoker.InvokeInnerFilterAsync()\r\n--- End of stack trace from previous location where exception was thrown ---\r\n   at Microsoft.AspNetCore.Mvc.Infrastructure.ResourceInvoker.<InvokeNextResourceFilter>g__Awaited|24_0(ResourceInvoker invoker, Task lastTask, State next, Scope scope, Object state, Boolean isCompleted)\r\n   at Microsoft.AspNetCore.Mvc.Infrastructure.ResourceInvoker.Rethrow(ResourceExecutedContextSealed context)\r\n   at Microsoft.AspNetCore.Mvc.Infrastructure.ResourceInvoker.Next(State& next, Scope& scope, Object& state, Boolean& isCompleted)\r\n   at Microsoft.AspNetCore.Mvc.Infrastructure.ResourceInvoker.InvokeFilterPipelineAsync()\r\n--- End of stack trace from previous location where exception was thrown ---\r\n   at Microsoft.AspNetCore.Mvc.Infrastructure.ResourceInvoker.<InvokeAsync>g__Awaited|17_0(ResourceInvoker invoker, Task task, IDisposable scope)\r\n   at Microsoft.AspNetCore.Routing.EndpointMiddleware.<Invoke>g__AwaitRequestTask|6_0(Endpoint endpoint, Task requestTask, ILogger logger)\r\n   at Books.Infrastructure.Middleware.LogRequestsMiddleware.Invoke(HttpContext context, IOptionsSnapshot`1 options, ExecutionContext executionContext) in C:\\repos\\Books\\Books\\Infrastructure\\Middleware\\LogRequestsMiddleware.cs:line 41\r\n   at Books.Infrastructure.Middleware.LogErrorsMiddleware.Invoke(HttpContext context, ExecutionContext executionContext) in C:\\repos\\Books\\Books\\Infrastructure\\Middleware\\LogErrorsMiddleware.cs:line 26", "executionContext": {"ApplicationName":"Books", "ThreadId":4, "MachineName":"DESKTOP-LTSGV3M", "EnvironmentName":"Development"} }
{ "time": "2021-03-15 12:13:42.1126", "level": "ERROR", "EventId_Id": 1, "EventId_Name": "UnhandledException", "EventId": "UnhandledException" }
{ "time": "2021-03-15 12:14:56.8246", "level": "INFO", "address": "https:\/\/localhost:5001" }
{ "time": "2021-03-15 12:14:56.8246", "level": "INFO", "address": "https:\/\/localhost:5001" }
{ "time": "2021-03-15 12:14:56.8752", "level": "INFO", "address": "http:\/\/localhost:5000" }
{ "time": "2021-03-15 12:14:56.8752", "level": "INFO", "address": "http:\/\/localhost:5000" }
{ "time": "2021-03-15 12:14:56.8936", "level": "INFO" }
{ "time": "2021-03-15 12:14:56.8936", "level": "INFO" }
{ "time": "2021-03-15 12:14:56.9084", "level": "INFO", "envName": "Development" }
{ "time": "2021-03-15 12:14:56.9084", "level": "INFO", "envName": "Development" }
{ "time": "2021-03-15 12:14:56.9229", "level": "INFO", "contentRoot": "C:\\repos\\Books\\Books" }
{ "time": "2021-03-15 12:14:56.9229", "level": "INFO", "contentRoot": "C:\\repos\\Books\\Books" }
{ "time": "2021-03-15 12:14:57.2459", "level": "INFO", "requestCode": "0HM77JCNH1AAP:00000001", "path": "\/", "executionContext": {"ApplicationName":"Books", "ThreadId":11, "MachineName":"DESKTOP-LTSGV3M", "EnvironmentName":"Development"} }
{ "time": "2021-03-15 12:14:57.2764", "level": "INFO", "requestCode": "0HM77JCNH1AAP:00000001", "method": "GET", "executionContext": {"ApplicationName":"Books", "ThreadId":11, "MachineName":"DESKTOP-LTSGV3M", "EnvironmentName":"Development"} }
{ "time": "2021-03-15 12:14:57.2827", "level": "INFO", "requestCode": "0HM77JCNH1AAP:00000001", "queryString": "", "executionContext": {"ApplicationName":"Books", "ThreadId":11, "MachineName":"DESKTOP-LTSGV3M", "EnvironmentName":"Development"} }
{ "time": "2021-03-15 12:14:57.2827", "level": "INFO", "requestCode": "0HM77JCNH1AAP:00000001", "body": "", "executionContext": {"ApplicationName":"Books", "ThreadId":11, "MachineName":"DESKTOP-LTSGV3M", "EnvironmentName":"Development"} }
{ "time": "2021-03-15 12:15:07.7141", "level": "ERROR", "errorMessage": "Throwing Null Reference Exception", "stackTrace": "   at Books.Controllers.HomeController.Index() in C:\\repos\\Books\\Books\\Controllers\\HomeController.cs:line 12\r\n   at lambda_method(Closure , Object , Object[] )\r\n   at Microsoft.Extensions.Internal.ObjectMethodExecutor.Execute(Object target, Object[] parameters)\r\n   at Microsoft.AspNetCore.Mvc.Infrastructure.ActionMethodExecutor.SyncActionResultExecutor.Execute(IActionResultTypeMapper mapper, ObjectMethodExecutor executor, Object controller, Object[] arguments)\r\n   at Microsoft.AspNetCore.Mvc.Infrastructure.ControllerActionInvoker.InvokeActionMethodAsync()\r\n   at Microsoft.AspNetCore.Mvc.Infrastructure.ControllerActionInvoker.Next(State& next, Scope& scope, Object& state, Boolean& isCompleted)\r\n   at Microsoft.AspNetCore.Mvc.Infrastructure.ControllerActionInvoker.InvokeNextActionFilterAsync()\r\n--- End of stack trace from previous location where exception was thrown ---\r\n   at Microsoft.AspNetCore.Mvc.Infrastructure.ControllerActionInvoker.Rethrow(ActionExecutedContextSealed context)\r\n   at Microsoft.AspNetCore.Mvc.Infrastructure.ControllerActionInvoker.Next(State& next, Scope& scope, Object& state, Boolean& isCompleted)\r\n   at Microsoft.AspNetCore.Mvc.Infrastructure.ControllerActionInvoker.InvokeInnerFilterAsync()\r\n--- End of stack trace from previous location where exception was thrown ---\r\n   at Microsoft.AspNetCore.Mvc.Infrastructure.ResourceInvoker.<InvokeNextResourceFilter>g__Awaited|24_0(ResourceInvoker invoker, Task lastTask, State next, Scope scope, Object state, Boolean isCompleted)\r\n   at Microsoft.AspNetCore.Mvc.Infrastructure.ResourceInvoker.Rethrow(ResourceExecutedContextSealed context)\r\n   at Microsoft.AspNetCore.Mvc.Infrastructure.ResourceInvoker.Next(State& next, Scope& scope, Object& state, Boolean& isCompleted)\r\n   at Microsoft.AspNetCore.Mvc.Infrastructure.ResourceInvoker.InvokeFilterPipelineAsync()\r\n--- End of stack trace from previous location where exception was thrown ---\r\n   at Microsoft.AspNetCore.Mvc.Infrastructure.ResourceInvoker.<InvokeAsync>g__Awaited|17_0(ResourceInvoker invoker, Task task, IDisposable scope)\r\n   at Microsoft.AspNetCore.Routing.EndpointMiddleware.<Invoke>g__AwaitRequestTask|6_0(Endpoint endpoint, Task requestTask, ILogger logger)\r\n   at Books.Infrastructure.Middleware.LogRequestsMiddleware.Invoke(HttpContext context, IOptionsSnapshot`1 options, ExecutionContext executionContext) in C:\\repos\\Books\\Books\\Infrastructure\\Middleware\\LogRequestsMiddleware.cs:line 41\r\n   at Books.Infrastructure.Middleware.LogErrorsMiddleware.Invoke(HttpContext context, ExecutionContext executionContext) in C:\\repos\\Books\\Books\\Infrastructure\\Middleware\\LogErrorsMiddleware.cs:line 26", "executionContext": {"ApplicationName":"Books", "ThreadId":11, "MachineName":"DESKTOP-LTSGV3M", "EnvironmentName":"Development"} }
{ "time": "2021-03-15 12:15:08.9427", "level": "ERROR", "EventId_Id": 1, "EventId_Name": "UnhandledException", "EventId": "UnhandledException" }
{ "time": "2021-03-15 12:15:54.3219", "level": "INFO", "requestCode": "0HM77JCNH1AAP:00000003", "path": "\/fdsfsdf\/fsdfdsf", "executionContext": {"ApplicationName":"Books", "ThreadId":13, "MachineName":"DESKTOP-LTSGV3M", "EnvironmentName":"Development"} }
{ "time": "2021-03-15 12:15:54.3324", "level": "INFO", "requestCode": "0HM77JCNH1AAP:00000003", "method": "GET", "executionContext": {"ApplicationName":"Books", "ThreadId":13, "MachineName":"DESKTOP-LTSGV3M", "EnvironmentName":"Development"} }
{ "time": "2021-03-15 12:15:54.3324", "level": "INFO", "requestCode": "0HM77JCNH1AAP:00000003", "queryString": "", "executionContext": {"ApplicationName":"Books", "ThreadId":13, "MachineName":"DESKTOP-LTSGV3M", "EnvironmentName":"Development"} }
{ "time": "2021-03-15 12:15:54.3489", "level": "INFO", "requestCode": "0HM77JCNH1AAP:00000003", "body": "", "executionContext": {"ApplicationName":"Books", "ThreadId":13, "MachineName":"DESKTOP-LTSGV3M", "EnvironmentName":"Development"} }
{ "time": "2021-03-15 12:15:58.2560", "level": "INFO", "requestCode": "0HM77JCNH1AAP:00000005", "path": "\/fdsfsdf\/fsdfdsf", "executionContext": {"ApplicationName":"Books", "ThreadId":13, "MachineName":"DESKTOP-LTSGV3M", "EnvironmentName":"Development"} }
{ "time": "2021-03-15 12:15:58.2641", "level": "INFO", "requestCode": "0HM77JCNH1AAP:00000005", "method": "GET", "executionContext": {"ApplicationName":"Books", "ThreadId":13, "MachineName":"DESKTOP-LTSGV3M", "EnvironmentName":"Development"} }
{ "time": "2021-03-15 12:15:58.2641", "level": "INFO", "requestCode": "0HM77JCNH1AAP:00000005", "queryString": "", "executionContext": {"ApplicationName":"Books", "ThreadId":13, "MachineName":"DESKTOP-LTSGV3M", "EnvironmentName":"Development"} }
{ "time": "2021-03-15 12:15:58.2641", "level": "INFO", "requestCode": "0HM77JCNH1AAP:00000005", "body": "", "executionContext": {"ApplicationName":"Books", "ThreadId":13, "MachineName":"DESKTOP-LTSGV3M", "EnvironmentName":"Development"} }
{ "time": "2021-03-15 12:17:22.5016", "level": "INFO", "address": "https:\/\/localhost:5001" }
{ "time": "2021-03-15 12:17:22.5016", "level": "INFO", "address": "https:\/\/localhost:5001" }
{ "time": "2021-03-15 12:17:22.5438", "level": "INFO", "address": "http:\/\/localhost:5000" }
{ "time": "2021-03-15 12:17:22.5438", "level": "INFO", "address": "http:\/\/localhost:5000" }
{ "time": "2021-03-15 12:17:22.5566", "level": "INFO" }
{ "time": "2021-03-15 12:17:22.5566", "level": "INFO" }
{ "time": "2021-03-15 12:17:22.5683", "level": "INFO", "envName": "Development" }
{ "time": "2021-03-15 12:17:22.5683", "level": "INFO", "envName": "Development" }
{ "time": "2021-03-15 12:17:22.5799", "level": "INFO", "contentRoot": "C:\\repos\\Books\\Books" }
{ "time": "2021-03-15 12:17:22.5799", "level": "INFO", "contentRoot": "C:\\repos\\Books\\Books" }
{ "time": "2021-03-15 12:17:23.0637", "level": "INFO", "requestCode": "0HM77JE2V1R4I:00000001", "path": "\/", "executionContext": {"ApplicationName":"Books", "ThreadId":4, "MachineName":"DESKTOP-LTSGV3M", "EnvironmentName":"Development"} }
{ "time": "2021-03-15 12:17:23.0928", "level": "INFO", "requestCode": "0HM77JE2V1R4I:00000001", "method": "GET", "executionContext": {"ApplicationName":"Books", "ThreadId":4, "MachineName":"DESKTOP-LTSGV3M", "EnvironmentName":"Development"} }
{ "time": "2021-03-15 12:17:23.0928", "level": "INFO", "requestCode": "0HM77JE2V1R4I:00000001", "queryString": "", "executionContext": {"ApplicationName":"Books", "ThreadId":4, "MachineName":"DESKTOP-LTSGV3M", "EnvironmentName":"Development"} }
{ "time": "2021-03-15 12:17:23.0928", "level": "INFO", "requestCode": "0HM77JE2V1R4I:00000001", "body": "", "executionContext": {"ApplicationName":"Books", "ThreadId":4, "MachineName":"DESKTOP-LTSGV3M", "EnvironmentName":"Development"} }
{ "time": "2021-03-15 12:17:25.1784", "level": "ERROR", "errorMessage": "Division by zero", "stackTrace": "   at Books.Controllers.HomeController.Index() in C:\\repos\\Books\\Books\\Controllers\\HomeController.cs:line 12\r\n   at lambda_method(Closure , Object , Object[] )\r\n   at Microsoft.Extensions.Internal.ObjectMethodExecutor.Execute(Object target, Object[] parameters)\r\n   at Microsoft.AspNetCore.Mvc.Infrastructure.ActionMethodExecutor.SyncActionResultExecutor.Execute(IActionResultTypeMapper mapper, ObjectMethodExecutor executor, Object controller, Object[] arguments)\r\n   at Microsoft.AspNetCore.Mvc.Infrastructure.ControllerActionInvoker.InvokeActionMethodAsync()\r\n   at Microsoft.AspNetCore.Mvc.Infrastructure.ControllerActionInvoker.Next(State& next, Scope& scope, Object& state, Boolean& isCompleted)\r\n   at Microsoft.AspNetCore.Mvc.Infrastructure.ControllerActionInvoker.InvokeNextActionFilterAsync()\r\n--- End of stack trace from previous location where exception was thrown ---\r\n   at Microsoft.AspNetCore.Mvc.Infrastructure.ControllerActionInvoker.Rethrow(ActionExecutedContextSealed context)\r\n   at Microsoft.AspNetCore.Mvc.Infrastructure.ControllerActionInvoker.Next(State& next, Scope& scope, Object& state, Boolean& isCompleted)\r\n   at Microsoft.AspNetCore.Mvc.Infrastructure.ControllerActionInvoker.InvokeInnerFilterAsync()\r\n--- End of stack trace from previous location where exception was thrown ---\r\n   at Microsoft.AspNetCore.Mvc.Infrastructure.ResourceInvoker.<InvokeNextResourceFilter>g__Awaited|24_0(ResourceInvoker invoker, Task lastTask, State next, Scope scope, Object state, Boolean isCompleted)\r\n   at Microsoft.AspNetCore.Mvc.Infrastructure.ResourceInvoker.Rethrow(ResourceExecutedContextSealed context)\r\n   at Microsoft.AspNetCore.Mvc.Infrastructure.ResourceInvoker.Next(State& next, Scope& scope, Object& state, Boolean& isCompleted)\r\n   at Microsoft.AspNetCore.Mvc.Infrastructure.ResourceInvoker.InvokeFilterPipelineAsync()\r\n--- End of stack trace from previous location where exception was thrown ---\r\n   at Microsoft.AspNetCore.Mvc.Infrastructure.ResourceInvoker.<InvokeAsync>g__Awaited|17_0(ResourceInvoker invoker, Task task, IDisposable scope)\r\n   at Microsoft.AspNetCore.Routing.EndpointMiddleware.<Invoke>g__AwaitRequestTask|6_0(Endpoint endpoint, Task requestTask, ILogger logger)\r\n   at Books.Infrastructure.Middleware.LogRequestsMiddleware.Invoke(HttpContext context, IOptionsSnapshot`1 options, ExecutionContext executionContext) in C:\\repos\\Books\\Books\\Infrastructure\\Middleware\\LogRequestsMiddleware.cs:line 41\r\n   at Books.Infrastructure.Middleware.LogErrorsMiddleware.Invoke(HttpContext context, ExecutionContext executionContext) in C:\\repos\\Books\\Books\\Infrastructure\\Middleware\\LogErrorsMiddleware.cs:line 26", "executionContext": {"ApplicationName":"Books", "ThreadId":4, "MachineName":"DESKTOP-LTSGV3M", "EnvironmentName":"Development"} }
{ "time": "2021-03-15 12:17:25.2107", "level": "ERROR", "EventId_Id": 1, "EventId_Name": "UnhandledException", "EventId": "UnhandledException" }
{ "time": "2021-03-15 12:20:49.8298", "level": "INFO", "address": "https:\/\/localhost:5001" }
{ "time": "2021-03-15 12:20:49.8298", "level": "INFO", "address": "https:\/\/localhost:5001" }
{ "time": "2021-03-15 12:20:49.8712", "level": "INFO", "address": "http:\/\/localhost:5000" }
{ "time": "2021-03-15 12:20:49.8712", "level": "INFO", "address": "http:\/\/localhost:5000" }
{ "time": "2021-03-15 12:20:49.8925", "level": "INFO" }
{ "time": "2021-03-15 12:20:49.8925", "level": "INFO" }
{ "time": "2021-03-15 12:20:49.9097", "level": "INFO", "envName": "Development" }
{ "time": "2021-03-15 12:20:49.9097", "level": "INFO", "envName": "Development" }
{ "time": "2021-03-15 12:20:49.9302", "level": "INFO", "contentRoot": "C:\\repos\\Books\\Books" }
{ "time": "2021-03-15 12:20:49.9302", "level": "INFO", "contentRoot": "C:\\repos\\Books\\Books" }
{ "time": "2021-03-15 12:20:50.4087", "level": "INFO", "requestCode": "0HM77JG0O1JRM:00000001", "path": "\/", "executionContext": {"ApplicationName":"Books", "MachineName":"DESKTOP-LTSGV3M", "EnvironmentName":"Development", "ThreadId":8} }
{ "time": "2021-03-15 12:20:50.4387", "level": "INFO", "requestCode": "0HM77JG0O1JRM:00000001", "method": "GET", "executionContext": {"ApplicationName":"Books", "MachineName":"DESKTOP-LTSGV3M", "EnvironmentName":"Development", "ThreadId":8} }
{ "time": "2021-03-15 12:20:50.4387", "level": "INFO", "requestCode": "0HM77JG0O1JRM:00000001", "queryString": "", "executionContext": {"ApplicationName":"Books", "MachineName":"DESKTOP-LTSGV3M", "EnvironmentName":"Development", "ThreadId":8} }
{ "time": "2021-03-15 12:20:50.4513", "level": "INFO", "requestCode": "0HM77JG0O1JRM:00000001", "body": "", "executionContext": {"ApplicationName":"Books", "MachineName":"DESKTOP-LTSGV3M", "EnvironmentName":"Development", "ThreadId":8} }
{ "time": "2021-03-15 12:20:52.5062", "level": "ERROR", "errorMessage": "Division by zero", "stackTrace": "   at Books.Controllers.HomeController.Index() in C:\\repos\\Books\\Books\\Controllers\\HomeController.cs:line 12\r\n   at lambda_method(Closure , Object , Object[] )\r\n   at Microsoft.Extensions.Internal.ObjectMethodExecutor.Execute(Object target, Object[] parameters)\r\n   at Microsoft.AspNetCore.Mvc.Infrastructure.ActionMethodExecutor.SyncActionResultExecutor.Execute(IActionResultTypeMapper mapper, ObjectMethodExecutor executor, Object controller, Object[] arguments)\r\n   at Microsoft.AspNetCore.Mvc.Infrastructure.ControllerActionInvoker.InvokeActionMethodAsync()\r\n   at Microsoft.AspNetCore.Mvc.Infrastructure.ControllerActionInvoker.Next(State& next, Scope& scope, Object& state, Boolean& isCompleted)\r\n   at Microsoft.AspNetCore.Mvc.Infrastructure.ControllerActionInvoker.InvokeNextActionFilterAsync()\r\n--- End of stack trace from previous location where exception was thrown ---\r\n   at Microsoft.AspNetCore.Mvc.Infrastructure.ControllerActionInvoker.Rethrow(ActionExecutedContextSealed context)\r\n   at Microsoft.AspNetCore.Mvc.Infrastructure.ControllerActionInvoker.Next(State& next, Scope& scope, Object& state, Boolean& isCompleted)\r\n   at Microsoft.AspNetCore.Mvc.Infrastructure.ControllerActionInvoker.InvokeInnerFilterAsync()\r\n--- End of stack trace from previous location where exception was thrown ---\r\n   at Microsoft.AspNetCore.Mvc.Infrastructure.ResourceInvoker.<InvokeNextResourceFilter>g__Awaited|24_0(ResourceInvoker invoker, Task lastTask, State next, Scope scope, Object state, Boolean isCompleted)\r\n   at Microsoft.AspNetCore.Mvc.Infrastructure.ResourceInvoker.Rethrow(ResourceExecutedContextSealed context)\r\n   at Microsoft.AspNetCore.Mvc.Infrastructure.ResourceInvoker.Next(State& next, Scope& scope, Object& state, Boolean& isCompleted)\r\n   at Microsoft.AspNetCore.Mvc.Infrastructure.ResourceInvoker.InvokeFilterPipelineAsync()\r\n--- End of stack trace from previous location where exception was thrown ---\r\n   at Microsoft.AspNetCore.Mvc.Infrastructure.ResourceInvoker.<InvokeAsync>g__Awaited|17_0(ResourceInvoker invoker, Task task, IDisposable scope)\r\n   at Microsoft.AspNetCore.Routing.EndpointMiddleware.<Invoke>g__AwaitRequestTask|6_0(Endpoint endpoint, Task requestTask, ILogger logger)\r\n   at Books.Infrastructure.Middleware.LogRequestsMiddleware.Invoke(HttpContext context, IOptionsSnapshot`1 options, ExecutionContext executionContext) in C:\\repos\\Books\\Books\\Infrastructure\\Middleware\\LogRequestsMiddleware.cs:line 41\r\n   at Books.Infrastructure.Middleware.LogErrorsMiddleware.Invoke(HttpContext context, ExecutionContext executionContext) in C:\\repos\\Books\\Books\\Infrastructure\\Middleware\\LogErrorsMiddleware.cs:line 26", "executionContext": {"ApplicationName":"Books", "MachineName":"DESKTOP-LTSGV3M", "EnvironmentName":"Development", "ThreadId":8} }
{ "time": "2021-03-15 12:20:52.5369", "level": "ERROR", "EventId_Id": 1, "EventId_Name": "UnhandledException", "EventId": "UnhandledException" }
{ "time": "2021-03-15 12:21:46.7781", "level": "INFO", "address": "https:\/\/localhost:5001" }
{ "time": "2021-03-15 12:21:46.7781", "level": "INFO", "address": "https:\/\/localhost:5001" }
{ "time": "2021-03-15 12:21:46.8273", "level": "INFO", "address": "http:\/\/localhost:5000" }
{ "time": "2021-03-15 12:21:46.8273", "level": "INFO", "address": "http:\/\/localhost:5000" }
{ "time": "2021-03-15 12:21:46.8478", "level": "INFO" }
{ "time": "2021-03-15 12:21:46.8478", "level": "INFO" }
{ "time": "2021-03-15 12:21:46.8614", "level": "INFO", "envName": "Development" }
{ "time": "2021-03-15 12:21:46.8614", "level": "INFO", "envName": "Development" }
{ "time": "2021-03-15 12:21:46.8742", "level": "INFO", "contentRoot": "C:\\repos\\Books\\Books" }
{ "time": "2021-03-15 12:21:46.8742", "level": "INFO", "contentRoot": "C:\\repos\\Books\\Books" }
{ "time": "2021-03-15 12:21:47.3179", "level": "INFO", "requestCode": "0HM77JGHMT2RJ:00000001", "path": "\/", "executionContext": {"ApplicationName":"Books", "MachineName":"DESKTOP-LTSGV3M", "EnvironmentName":"Development", "ThreadId":7} }
{ "time": "2021-03-15 12:21:47.3507", "level": "INFO", "requestCode": "0HM77JGHMT2RJ:00000001", "method": "GET", "executionContext": {"ApplicationName":"Books", "MachineName":"DESKTOP-LTSGV3M", "EnvironmentName":"Development", "ThreadId":7} }
{ "time": "2021-03-15 12:21:47.3575", "level": "INFO", "requestCode": "0HM77JGHMT2RJ:00000001", "queryString": "", "executionContext": {"ApplicationName":"Books", "MachineName":"DESKTOP-LTSGV3M", "EnvironmentName":"Development", "ThreadId":7} }
{ "time": "2021-03-15 12:21:47.3575", "level": "INFO", "requestCode": "0HM77JGHMT2RJ:00000001", "body": "", "executionContext": {"ApplicationName":"Books", "MachineName":"DESKTOP-LTSGV3M", "EnvironmentName":"Development", "ThreadId":7} }
{ "time": "2021-03-15 12:21:59.3381", "level": "INFO", "requestCode": "0HM77JGHMT2RJ:00000005", "path": "\/Books", "executionContext": {"ApplicationName":"Books", "MachineName":"DESKTOP-LTSGV3M", "EnvironmentName":"Development", "ThreadId":9} }
{ "time": "2021-03-15 12:21:59.3482", "level": "INFO", "requestCode": "0HM77JGHMT2RJ:00000005", "method": "GET", "executionContext": {"ApplicationName":"Books", "MachineName":"DESKTOP-LTSGV3M", "EnvironmentName":"Development", "ThreadId":9} }
{ "time": "2021-03-15 12:21:59.3563", "level": "INFO", "requestCode": "0HM77JGHMT2RJ:00000005", "queryString": "", "executionContext": {"ApplicationName":"Books", "MachineName":"DESKTOP-LTSGV3M", "EnvironmentName":"Development", "ThreadId":9} }
{ "time": "2021-03-15 12:21:59.3563", "level": "INFO", "requestCode": "0HM77JGHMT2RJ:00000005", "body": "", "executionContext": {"ApplicationName":"Books", "MachineName":"DESKTOP-LTSGV3M", "EnvironmentName":"Development", "ThreadId":9} }
{ "time": "2021-03-15 12:22:13.3576", "level": "INFO", "requestCode": "0HM77JGHMT2RJ:00000007", "path": "\/Books\/Create", "executionContext": {"ApplicationName":"Books", "MachineName":"DESKTOP-LTSGV3M", "EnvironmentName":"Development", "ThreadId":10} }
{ "time": "2021-03-15 12:22:13.3576", "level": "INFO", "requestCode": "0HM77JGHMT2RJ:00000007", "method": "GET", "executionContext": {"ApplicationName":"Books", "MachineName":"DESKTOP-LTSGV3M", "EnvironmentName":"Development", "ThreadId":10} }
{ "time": "2021-03-15 12:22:13.3576", "level": "INFO", "requestCode": "0HM77JGHMT2RJ:00000007", "queryString": "", "executionContext": {"ApplicationName":"Books", "MachineName":"DESKTOP-LTSGV3M", "EnvironmentName":"Development", "ThreadId":10} }
{ "time": "2021-03-15 12:22:13.3783", "level": "INFO", "requestCode": "0HM77JGHMT2RJ:00000007", "body": "", "executionContext": {"ApplicationName":"Books", "MachineName":"DESKTOP-LTSGV3M", "EnvironmentName":"Development", "ThreadId":10} }
{ "time": "2021-03-15 12:22:18.6522", "level": "INFO", "requestCode": "0HM77JGHMT2RJ:00000009", "path": "\/Books\/Create", "executionContext": {"ApplicationName":"Books", "MachineName":"DESKTOP-LTSGV3M", "EnvironmentName":"Development", "ThreadId":11} }
{ "time": "2021-03-15 12:22:18.6587", "level": "INFO", "requestCode": "0HM77JGHMT2RJ:00000009", "method": "POST", "executionContext": {"ApplicationName":"Books", "MachineName":"DESKTOP-LTSGV3M", "EnvironmentName":"Development", "ThreadId":11} }
{ "time": "2021-03-15 12:22:18.6587", "level": "INFO", "requestCode": "0HM77JGHMT2RJ:00000009", "queryString": "", "executionContext": {"ApplicationName":"Books", "MachineName":"DESKTOP-LTSGV3M", "EnvironmentName":"Development", "ThreadId":11} }
{ "time": "2021-03-15 12:22:18.6711", "level": "INFO", "requestCode": "0HM77JGHMT2RJ:00000009", "body": "Name=Test+Book&__RequestVerificationToken=CfDJ8LCtjPs49c9GnnXcvh3KF77tsf7zrbHewS6dzrUCJokqraNDBWbWz_rL6zO-RmZAJzJ_3dzZrv1K7ngQM8xcH1u23jSsWWiwtdabCZmw6RYXUeAfiIUeY4pietKyr7Vu4QjMGJBkNJVv0ELem_90JOc", "executionContext": {"ApplicationName":"Books", "MachineName":"DESKTOP-LTSGV3M", "EnvironmentName":"Development", "ThreadId":11} }
{ "time": "2021-03-15 12:22:18.9181", "level": "INFO", "requestCode": "0HM77JGHMT2RJ:0000000B", "path": "\/Books", "executionContext": {"ApplicationName":"Books", "MachineName":"DESKTOP-LTSGV3M", "EnvironmentName":"Development", "ThreadId":9} }
{ "time": "2021-03-15 12:22:18.9242", "level": "INFO", "requestCode": "0HM77JGHMT2RJ:0000000B", "method": "GET", "executionContext": {"ApplicationName":"Books", "MachineName":"DESKTOP-LTSGV3M", "EnvironmentName":"Development", "ThreadId":9} }
{ "time": "2021-03-15 12:22:18.9242", "level": "INFO", "requestCode": "0HM77JGHMT2RJ:0000000B", "queryString": "", "executionContext": {"ApplicationName":"Books", "MachineName":"DESKTOP-LTSGV3M", "EnvironmentName":"Development", "ThreadId":9} }
{ "time": "2021-03-15 12:22:18.9362", "level": "INFO", "requestCode": "0HM77JGHMT2RJ:0000000B", "body": "", "executionContext": {"ApplicationName":"Books", "MachineName":"DESKTOP-LTSGV3M", "EnvironmentName":"Development", "ThreadId":9} }
{ "time": "2021-03-15 12:22:36.7241", "level": "INFO", "requestCode": "0HM77JGHMT2RJ:0000000D", "path": "\/Books\/Delete\/19", "executionContext": {"ApplicationName":"Books", "MachineName":"DESKTOP-LTSGV3M", "EnvironmentName":"Development", "ThreadId":11} }
{ "time": "2021-03-15 12:22:36.7376", "level": "INFO", "requestCode": "0HM77JGHMT2RJ:0000000D", "method": "GET", "executionContext": {"ApplicationName":"Books", "MachineName":"DESKTOP-LTSGV3M", "EnvironmentName":"Development", "ThreadId":11} }
{ "time": "2021-03-15 12:22:36.7376", "level": "INFO", "requestCode": "0HM77JGHMT2RJ:0000000D", "queryString": "", "executionContext": {"ApplicationName":"Books", "MachineName":"DESKTOP-LTSGV3M", "EnvironmentName":"Development", "ThreadId":11} }
{ "time": "2021-03-15 12:22:36.7512", "level": "INFO", "requestCode": "0HM77JGHMT2RJ:0000000D", "body": "", "executionContext": {"ApplicationName":"Books", "MachineName":"DESKTOP-LTSGV3M", "EnvironmentName":"Development", "ThreadId":11} }
{ "time": "2021-03-15 12:22:37.8059", "level": "INFO", "requestCode": "0HM77JGHMT2RJ:0000000F", "path": "\/Books\/Delete\/19", "executionContext": {"ApplicationName":"Books", "MachineName":"DESKTOP-LTSGV3M", "EnvironmentName":"Development", "ThreadId":18} }
{ "time": "2021-03-15 12:22:37.8135", "level": "INFO", "requestCode": "0HM77JGHMT2RJ:0000000F", "method": "POST", "executionContext": {"ApplicationName":"Books", "MachineName":"DESKTOP-LTSGV3M", "EnvironmentName":"Development", "ThreadId":18} }
{ "time": "2021-03-15 12:22:37.8135", "level": "INFO", "requestCode": "0HM77JGHMT2RJ:0000000F", "queryString": "", "executionContext": {"ApplicationName":"Books", "MachineName":"DESKTOP-LTSGV3M", "EnvironmentName":"Development", "ThreadId":18} }
{ "time": "2021-03-15 12:22:37.8289", "level": "INFO", "requestCode": "0HM77JGHMT2RJ:0000000F", "body": "__RequestVerificationToken=CfDJ8LCtjPs49c9GnnXcvh3KF76MgQ2yggbr3KjrLrGc70GgNpBmGdv6aEPEH1MWVzrcPI2s81eu8NRyU7-_kE9S-PrKgZCuoS-eWBEfRrJ2d3nxk1DXxUwUMyXR_DTsNOoCZFGg_gfubJKXtQsNeAzPxOM", "executionContext": {"ApplicationName":"Books", "MachineName":"DESKTOP-LTSGV3M", "EnvironmentName":"Development", "ThreadId":18} }
{ "time": "2021-03-15 12:22:37.8756", "level": "INFO", "requestCode": "0HM77JGHMT2RJ:00000011", "path": "\/Books", "executionContext": {"ApplicationName":"Books", "MachineName":"DESKTOP-LTSGV3M", "EnvironmentName":"Development", "ThreadId":10} }
{ "time": "2021-03-15 12:22:37.8756", "level": "INFO", "requestCode": "0HM77JGHMT2RJ:00000011", "method": "GET", "executionContext": {"ApplicationName":"Books", "MachineName":"DESKTOP-LTSGV3M", "EnvironmentName":"Development", "ThreadId":10} }
{ "time": "2021-03-15 12:22:37.8899", "level": "INFO", "requestCode": "0HM77JGHMT2RJ:00000011", "queryString": "", "executionContext": {"ApplicationName":"Books", "MachineName":"DESKTOP-LTSGV3M", "EnvironmentName":"Development", "ThreadId":10} }
{ "time": "2021-03-15 12:22:37.8899", "level": "INFO", "requestCode": "0HM77JGHMT2RJ:00000011", "body": "", "executionContext": {"ApplicationName":"Books", "MachineName":"DESKTOP-LTSGV3M", "EnvironmentName":"Development", "ThreadId":10} }
{ "time": "2021-03-15 12:22:39.8316", "level": "INFO", "requestCode": "0HM77JGHMT2RJ:00000013", "path": "\/Authors", "executionContext": {"ApplicationName":"Books", "MachineName":"DESKTOP-LTSGV3M", "EnvironmentName":"Development", "ThreadId":8} }
{ "time": "2021-03-15 12:22:39.8316", "level": "INFO", "requestCode": "0HM77JGHMT2RJ:00000013", "method": "GET", "executionContext": {"ApplicationName":"Books", "MachineName":"DESKTOP-LTSGV3M", "EnvironmentName":"Development", "ThreadId":8} }
{ "time": "2021-03-15 12:22:39.8452", "level": "INFO", "requestCode": "0HM77JGHMT2RJ:00000013", "queryString": "", "executionContext": {"ApplicationName":"Books", "MachineName":"DESKTOP-LTSGV3M", "EnvironmentName":"Development", "ThreadId":8} }
{ "time": "2021-03-15 12:22:39.8452", "level": "INFO", "requestCode": "0HM77JGHMT2RJ:00000013", "body": "", "executionContext": {"ApplicationName":"Books", "MachineName":"DESKTOP-LTSGV3M", "EnvironmentName":"Development", "ThreadId":8} }
{ "time": "2021-03-15 12:22:46.0879", "level": "INFO", "requestCode": "0HM77JGHMT2RJ:00000015", "path": "\/Authors\/Create", "executionContext": {"ApplicationName":"Books", "MachineName":"DESKTOP-LTSGV3M", "EnvironmentName":"Development", "ThreadId":18} }
{ "time": "2021-03-15 12:22:46.0978", "level": "INFO", "requestCode": "0HM77JGHMT2RJ:00000015", "method": "GET", "executionContext": {"ApplicationName":"Books", "MachineName":"DESKTOP-LTSGV3M", "EnvironmentName":"Development", "ThreadId":18} }
{ "time": "2021-03-15 12:22:46.0978", "level": "INFO", "requestCode": "0HM77JGHMT2RJ:00000015", "queryString": "", "executionContext": {"ApplicationName":"Books", "MachineName":"DESKTOP-LTSGV3M", "EnvironmentName":"Development", "ThreadId":18} }
{ "time": "2021-03-15 12:22:46.1118", "level": "INFO", "requestCode": "0HM77JGHMT2RJ:00000015", "body": "", "executionContext": {"ApplicationName":"Books", "MachineName":"DESKTOP-LTSGV3M", "EnvironmentName":"Development", "ThreadId":18} }
{ "time": "2021-03-15 12:22:48.8553", "level": "INFO", "requestCode": "0HM77JGHMT2RJ:00000017", "path": "\/Authors\/Create", "executionContext": {"ApplicationName":"Books", "MachineName":"DESKTOP-LTSGV3M", "EnvironmentName":"Development", "ThreadId":15} }
{ "time": "2021-03-15 12:22:48.8644", "level": "INFO", "requestCode": "0HM77JGHMT2RJ:00000017", "method": "POST", "executionContext": {"ApplicationName":"Books", "MachineName":"DESKTOP-LTSGV3M", "EnvironmentName":"Development", "ThreadId":15} }
{ "time": "2021-03-15 12:22:48.8644", "level": "INFO", "requestCode": "0HM77JGHMT2RJ:00000017", "queryString": "", "executionContext": {"ApplicationName":"Books", "MachineName":"DESKTOP-LTSGV3M", "EnvironmentName":"Development", "ThreadId":15} }
{ "time": "2021-03-15 12:22:48.8791", "level": "INFO", "requestCode": "0HM77JGHMT2RJ:00000017", "body": "Name=fsdfsdf&__RequestVerificationToken=CfDJ8LCtjPs49c9GnnXcvh3KF77Z1sixCgKHk1oxJAj-ZjT2MNBN2DuhoEJXeqDMhtmHUZjlzh9PZROP1KlCTO2h9y53-jBP39i7DENNpGda303UayH2c4D0283Sq9aq1_UqreZ9dczdjykSzZtVl1wofzg", "executionContext": {"ApplicationName":"Books", "MachineName":"DESKTOP-LTSGV3M", "EnvironmentName":"Development", "ThreadId":15} }
{ "time": "2021-03-15 12:22:48.9145", "level": "INFO", "requestCode": "0HM77JGHMT2RJ:00000019", "path": "\/Authors", "executionContext": {"ApplicationName":"Books", "MachineName":"DESKTOP-LTSGV3M", "EnvironmentName":"Development", "ThreadId":10} }
{ "time": "2021-03-15 12:22:48.9208", "level": "INFO", "requestCode": "0HM77JGHMT2RJ:00000019", "method": "GET", "executionContext": {"ApplicationName":"Books", "MachineName":"DESKTOP-LTSGV3M", "EnvironmentName":"Development", "ThreadId":10} }
{ "time": "2021-03-15 12:22:48.9208", "level": "INFO", "requestCode": "0HM77JGHMT2RJ:00000019", "queryString": "", "executionContext": {"ApplicationName":"Books", "MachineName":"DESKTOP-LTSGV3M", "EnvironmentName":"Development", "ThreadId":10} }
{ "time": "2021-03-15 12:22:48.9208", "level": "INFO", "requestCode": "0HM77JGHMT2RJ:00000019", "body": "", "executionContext": {"ApplicationName":"Books", "MachineName":"DESKTOP-LTSGV3M", "EnvironmentName":"Development", "ThreadId":10} }
{ "time": "2021-03-15 12:22:51.2172", "level": "INFO", "requestCode": "0HM77JGHMT2RJ:0000001B", "path": "\/Authors\/Details\/11", "executionContext": {"ApplicationName":"Books", "MachineName":"DESKTOP-LTSGV3M", "EnvironmentName":"Development", "ThreadId":9} }
{ "time": "2021-03-15 12:22:51.2172", "level": "INFO", "requestCode": "0HM77JGHMT2RJ:0000001B", "method": "GET", "executionContext": {"ApplicationName":"Books", "MachineName":"DESKTOP-LTSGV3M", "EnvironmentName":"Development", "ThreadId":9} }
{ "time": "2021-03-15 12:22:51.2172", "level": "INFO", "requestCode": "0HM77JGHMT2RJ:0000001B", "queryString": "", "executionContext": {"ApplicationName":"Books", "MachineName":"DESKTOP-LTSGV3M", "EnvironmentName":"Development", "ThreadId":9} }
{ "time": "2021-03-15 12:22:51.2380", "level": "INFO", "requestCode": "0HM77JGHMT2RJ:0000001B", "body": "", "executionContext": {"ApplicationName":"Books", "MachineName":"DESKTOP-LTSGV3M", "EnvironmentName":"Development", "ThreadId":9} }
{ "time": "2021-03-15 12:22:53.3669", "level": "INFO", "requestCode": "0HM77JGHMT2RJ:0000001D", "path": "\/Authors\/AddBook\/11", "executionContext": {"ApplicationName":"Books", "MachineName":"DESKTOP-LTSGV3M", "EnvironmentName":"Development", "ThreadId":15} }
{ "time": "2021-03-15 12:22:53.3763", "level": "INFO", "requestCode": "0HM77JGHMT2RJ:0000001D", "method": "GET", "executionContext": {"ApplicationName":"Books", "MachineName":"DESKTOP-LTSGV3M", "EnvironmentName":"Development", "ThreadId":15} }
{ "time": "2021-03-15 12:22:53.3763", "level": "INFO", "requestCode": "0HM77JGHMT2RJ:0000001D", "queryString": "", "executionContext": {"ApplicationName":"Books", "MachineName":"DESKTOP-LTSGV3M", "EnvironmentName":"Development", "ThreadId":15} }
{ "time": "2021-03-15 12:22:53.3911", "level": "INFO", "requestCode": "0HM77JGHMT2RJ:0000001D", "body": "", "executionContext": {"ApplicationName":"Books", "MachineName":"DESKTOP-LTSGV3M", "EnvironmentName":"Development", "ThreadId":15} }
{ "time": "2021-03-15 12:22:56.2275", "level": "INFO", "requestCode": "0HM77JGHMT2RJ:0000001F", "path": "\/Authors\/AddBook\/11", "executionContext": {"ApplicationName":"Books", "MachineName":"DESKTOP-LTSGV3M", "EnvironmentName":"Development", "ThreadId":10} }
{ "time": "2021-03-15 12:22:56.2401", "level": "INFO", "requestCode": "0HM77JGHMT2RJ:0000001F", "method": "POST", "executionContext": {"ApplicationName":"Books", "MachineName":"DESKTOP-LTSGV3M", "EnvironmentName":"Development", "ThreadId":10} }
{ "time": "2021-03-15 12:22:56.2401", "level": "INFO", "requestCode": "0HM77JGHMT2RJ:0000001F", "queryString": "", "executionContext": {"ApplicationName":"Books", "MachineName":"DESKTOP-LTSGV3M", "EnvironmentName":"Development", "ThreadId":10} }
{ "time": "2021-03-15 12:22:56.2541", "level": "INFO", "requestCode": "0HM77JGHMT2RJ:0000001F", "body": "BookId=12&__RequestVerificationToken=CfDJ8LCtjPs49c9GnnXcvh3KF74VqAaNhmPmVtpoNwmSVDERf_c5z-fKMh6I_DBNFdnJH0g6FiZn-25R1PY1YMDte17EmGlcJelKlkp9wjt11PFv1E-xr9Bm4OLvm8oXJXxmwVSU6wwdnXze_KM5Z4yG1zg", "executionContext": {"ApplicationName":"Books", "MachineName":"DESKTOP-LTSGV3M", "EnvironmentName":"Development", "ThreadId":10} }
{ "time": "2021-03-15 12:22:56.3065", "level": "INFO", "requestCode": "0HM77JGHMT2RJ:00000021", "path": "\/Authors\/Details\/11", "executionContext": {"ApplicationName":"Books", "MachineName":"DESKTOP-LTSGV3M", "EnvironmentName":"Development", "ThreadId":14} }
{ "time": "2021-03-15 12:22:56.3140", "level": "INFO", "requestCode": "0HM77JGHMT2RJ:00000021", "method": "GET", "executionContext": {"ApplicationName":"Books", "MachineName":"DESKTOP-LTSGV3M", "EnvironmentName":"Development", "ThreadId":14} }
{ "time": "2021-03-15 12:22:56.3140", "level": "INFO", "requestCode": "0HM77JGHMT2RJ:00000021", "queryString": "", "executionContext": {"ApplicationName":"Books", "MachineName":"DESKTOP-LTSGV3M", "EnvironmentName":"Development", "ThreadId":14} }
{ "time": "2021-03-15 12:22:56.3288", "level": "INFO", "requestCode": "0HM77JGHMT2RJ:00000021", "body": "", "executionContext": {"ApplicationName":"Books", "MachineName":"DESKTOP-LTSGV3M", "EnvironmentName":"Development", "ThreadId":14} }
{ "time": "2021-03-15 12:23:01.5569", "level": "INFO", "requestCode": "0HM77JGHMT2RJ:00000023", "path": "\/Authors\/DeleteBook\/11\/12", "executionContext": {"ApplicationName":"Books", "MachineName":"DESKTOP-LTSGV3M", "EnvironmentName":"Development", "ThreadId":10} }
{ "time": "2021-03-15 12:23:01.5694", "level": "INFO", "requestCode": "0HM77JGHMT2RJ:00000023", "method": "GET", "executionContext": {"ApplicationName":"Books", "MachineName":"DESKTOP-LTSGV3M", "EnvironmentName":"Development", "ThreadId":10} }
{ "time": "2021-03-15 12:23:01.5764", "level": "INFO", "requestCode": "0HM77JGHMT2RJ:00000023", "queryString": "", "executionContext": {"ApplicationName":"Books", "MachineName":"DESKTOP-LTSGV3M", "EnvironmentName":"Development", "ThreadId":10} }
{ "time": "2021-03-15 12:23:01.5764", "level": "INFO", "requestCode": "0HM77JGHMT2RJ:00000023", "body": "", "executionContext": {"ApplicationName":"Books", "MachineName":"DESKTOP-LTSGV3M", "EnvironmentName":"Development", "ThreadId":10} }
{ "time": "2021-03-15 12:23:02.5624", "level": "INFO", "requestCode": "0HM77JGHMT2RJ:00000025", "path": "\/Authors\/DeleteBook\/11\/12", "executionContext": {"ApplicationName":"Books", "MachineName":"DESKTOP-LTSGV3M", "EnvironmentName":"Development", "ThreadId":14} }
{ "time": "2021-03-15 12:23:02.5624", "level": "INFO", "requestCode": "0HM77JGHMT2RJ:00000025", "method": "POST", "executionContext": {"ApplicationName":"Books", "MachineName":"DESKTOP-LTSGV3M", "EnvironmentName":"Development", "ThreadId":14} }
{ "time": "2021-03-15 12:23:02.5798", "level": "INFO", "requestCode": "0HM77JGHMT2RJ:00000025", "queryString": "", "executionContext": {"ApplicationName":"Books", "MachineName":"DESKTOP-LTSGV3M", "EnvironmentName":"Development", "ThreadId":14} }
{ "time": "2021-03-15 12:23:02.5798", "level": "INFO", "requestCode": "0HM77JGHMT2RJ:00000025", "body": "__RequestVerificationToken=CfDJ8LCtjPs49c9GnnXcvh3KF75XX1eZRVZIhIhubmMiec_jORxGqcQrf_9DmWziK9saRWT-voEXVnUff6HMuvt0jhBgyDUFhViVLoUNKlLg5TwgXZydFw-YnvNPp1vZlxHv9_LPZtHgwGQrYJywRNlOC7g", "executionContext": {"ApplicationName":"Books", "MachineName":"DESKTOP-LTSGV3M", "EnvironmentName":"Development", "ThreadId":14} }
{ "time": "2021-03-15 12:23:02.6293", "level": "INFO", "requestCode": "0HM77JGHMT2RJ:00000027", "path": "\/Authors\/Details\/11", "executionContext": {"ApplicationName":"Books", "MachineName":"DESKTOP-LTSGV3M", "EnvironmentName":"Development", "ThreadId":7} }
{ "time": "2021-03-15 12:23:02.6293", "level": "INFO", "requestCode": "0HM77JGHMT2RJ:00000027", "method": "GET", "executionContext": {"ApplicationName":"Books", "MachineName":"DESKTOP-LTSGV3M", "EnvironmentName":"Development", "ThreadId":7} }
{ "time": "2021-03-15 12:23:02.6459", "level": "INFO", "requestCode": "0HM77JGHMT2RJ:00000027", "queryString": "", "executionContext": {"ApplicationName":"Books", "MachineName":"DESKTOP-LTSGV3M", "EnvironmentName":"Development", "ThreadId":7} }
{ "time": "2021-03-15 12:23:02.6459", "level": "INFO", "requestCode": "0HM77JGHMT2RJ:00000027", "body": "", "executionContext": {"ApplicationName":"Books", "MachineName":"DESKTOP-LTSGV3M", "EnvironmentName":"Development", "ThreadId":7} }
{ "time": "2021-03-15 12:23:05.1682", "level": "INFO", "requestCode": "0HM77JGHMT2RJ:00000029", "path": "\/Authors", "executionContext": {"ApplicationName":"Books", "MachineName":"DESKTOP-LTSGV3M", "EnvironmentName":"Development", "ThreadId":4} }
{ "time": "2021-03-15 12:23:05.1759", "level": "INFO", "requestCode": "0HM77JGHMT2RJ:00000029", "method": "GET", "executionContext": {"ApplicationName":"Books", "MachineName":"DESKTOP-LTSGV3M", "EnvironmentName":"Development", "ThreadId":4} }
{ "time": "2021-03-15 12:23:05.1759", "level": "INFO", "requestCode": "0HM77JGHMT2RJ:00000029", "queryString": "", "executionContext": {"ApplicationName":"Books", "MachineName":"DESKTOP-LTSGV3M", "EnvironmentName":"Development", "ThreadId":4} }
{ "time": "2021-03-15 12:23:05.1890", "level": "INFO", "requestCode": "0HM77JGHMT2RJ:00000029", "body": "", "executionContext": {"ApplicationName":"Books", "MachineName":"DESKTOP-LTSGV3M", "EnvironmentName":"Development", "ThreadId":4} }
{ "time": "2021-03-15 12:25:28.7396", "level": "INFO", "address": "https:\/\/localhost:5001" }
{ "time": "2021-03-15 12:25:28.7396", "level": "INFO", "address": "https:\/\/localhost:5001" }
{ "time": "2021-03-15 12:25:28.7935", "level": "INFO", "address": "http:\/\/localhost:5000" }
{ "time": "2021-03-15 12:25:28.7935", "level": "INFO", "address": "http:\/\/localhost:5000" }
{ "time": "2021-03-15 12:25:28.8084", "level": "INFO" }
{ "time": "2021-03-15 12:25:28.8084", "level": "INFO" }
{ "time": "2021-03-15 12:25:28.8216", "level": "INFO", "envName": "Development" }
{ "time": "2021-03-15 12:25:28.8216", "level": "INFO", "envName": "Development" }
{ "time": "2021-03-15 12:25:28.8332", "level": "INFO", "contentRoot": "C:\\repos\\Books\\Books" }
{ "time": "2021-03-15 12:25:28.8332", "level": "INFO", "contentRoot": "C:\\repos\\Books\\Books" }
{ "time": "2021-03-15 12:25:29.2005", "level": "INFO", "requestCode": "0HM77JIJRCNGE:00000001", "path": "\/", "executionContext": {"ApplicationName":"Books", "MachineName":"DESKTOP-LTSGV3M", "EnvironmentName":"Development", "ThreadId":7} }
{ "time": "2021-03-15 12:25:29.2326", "level": "INFO", "requestCode": "0HM77JIJRCNGE:00000001", "method": "GET", "executionContext": {"ApplicationName":"Books", "MachineName":"DESKTOP-LTSGV3M", "EnvironmentName":"Development", "ThreadId":7} }
{ "time": "2021-03-15 12:25:29.2326", "level": "INFO", "requestCode": "0HM77JIJRCNGE:00000001", "queryString": "", "executionContext": {"ApplicationName":"Books", "MachineName":"DESKTOP-LTSGV3M", "EnvironmentName":"Development", "ThreadId":7} }
{ "time": "2021-03-15 12:25:29.2326", "level": "INFO", "requestCode": "0HM77JIJRCNGE:00000001", "body": "", "executionContext": {"ApplicationName":"Books", "MachineName":"DESKTOP-LTSGV3M", "EnvironmentName":"Development", "ThreadId":7} }
{ "time": "2021-03-15 12:25:33.8554", "level": "INFO", "requestCode": "0HM77JIJRCNGE:00000003", "path": "\/Authors", "executionContext": {"ApplicationName":"Books", "MachineName":"DESKTOP-LTSGV3M", "EnvironmentName":"Development", "ThreadId":4} }
{ "time": "2021-03-15 12:25:33.8651", "level": "INFO", "requestCode": "0HM77JIJRCNGE:00000003", "method": "GET", "executionContext": {"ApplicationName":"Books", "MachineName":"DESKTOP-LTSGV3M", "EnvironmentName":"Development", "ThreadId":4} }
{ "time": "2021-03-15 12:25:33.8737", "level": "INFO", "requestCode": "0HM77JIJRCNGE:00000003", "queryString": "", "executionContext": {"ApplicationName":"Books", "MachineName":"DESKTOP-LTSGV3M", "EnvironmentName":"Development", "ThreadId":4} }
{ "time": "2021-03-15 12:25:33.8737", "level": "INFO", "requestCode": "0HM77JIJRCNGE:00000003", "body": "", "executionContext": {"ApplicationName":"Books", "MachineName":"DESKTOP-LTSGV3M", "EnvironmentName":"Development", "ThreadId":4} }
{ "time": "2021-03-15 12:26:10.3734", "level": "INFO", "requestCode": "0HM77JIJRCNGE:0000000F", "path": "\/Books", "executionContext": {"ApplicationName":"Books", "MachineName":"DESKTOP-LTSGV3M", "EnvironmentName":"Development", "ThreadId":16} }
{ "time": "2021-03-15 12:26:10.3734", "level": "INFO", "requestCode": "0HM77JIJRCNGE:0000000F", "method": "GET", "executionContext": {"ApplicationName":"Books", "MachineName":"DESKTOP-LTSGV3M", "EnvironmentName":"Development", "ThreadId":16} }
{ "time": "2021-03-15 12:26:10.3913", "level": "INFO", "requestCode": "0HM77JIJRCNGE:0000000F", "queryString": "", "executionContext": {"ApplicationName":"Books", "MachineName":"DESKTOP-LTSGV3M", "EnvironmentName":"Development", "ThreadId":16} }
{ "time": "2021-03-15 12:26:10.3913", "level": "INFO", "requestCode": "0HM77JIJRCNGE:0000000F", "body": "", "executionContext": {"ApplicationName":"Books", "MachineName":"DESKTOP-LTSGV3M", "EnvironmentName":"Development", "ThreadId":16} }
{ "time": "2021-03-15 12:26:11.2926", "level": "INFO", "requestCode": "0HM77JIJRCNGE:00000013", "path": "\/Books", "executionContext": {"ApplicationName":"Books", "MachineName":"DESKTOP-LTSGV3M", "EnvironmentName":"Development", "ThreadId":15} }
{ "time": "2021-03-15 12:26:11.3030", "level": "INFO", "requestCode": "0HM77JIJRCNGE:00000013", "method": "GET", "executionContext": {"ApplicationName":"Books", "MachineName":"DESKTOP-LTSGV3M", "EnvironmentName":"Development", "ThreadId":15} }
{ "time": "2021-03-15 12:26:11.3121", "level": "INFO", "requestCode": "0HM77JIJRCNGE:00000013", "queryString": "", "executionContext": {"ApplicationName":"Books", "MachineName":"DESKTOP-LTSGV3M", "EnvironmentName":"Development", "ThreadId":15} }
{ "time": "2021-03-15 12:26:11.3121", "level": "INFO", "requestCode": "0HM77JIJRCNGE:00000013", "body": "", "executionContext": {"ApplicationName":"Books", "MachineName":"DESKTOP-LTSGV3M", "EnvironmentName":"Development", "ThreadId":15} }
